This is pdfTeX, Version 3.141592653-2.6-1.40.22 (TeX Live 2021) (preloaded format=pdflatex 2021.5.13)  16 OCT 2021 22:20
entering extended mode
 restricted \write18 enabled.
 %&-line parsing enabled.
**homework6.tex
(./homework6.tex
LaTeX2e <2020-10-01> patch level 4
L3 programming layer <2021-02-18>
(/usr/local/texlive/2021/texmf-dist/tex/latex/base/article.cls
Document Class: article 2020/04/10 v1.4m Standard LaTeX document class
(/usr/local/texlive/2021/texmf-dist/tex/latex/base/size12.clo
File: size12.clo 2020/04/10 v1.4m Standard LaTeX file (size option)
)
\c@part=\count179
\c@section=\count180
\c@subsection=\count181
\c@subsubsection=\count182
\c@paragraph=\count183
\c@subparagraph=\count184
\c@figure=\count185
\c@table=\count186
\abovecaptionskip=\skip47
\belowcaptionskip=\skip48
\bibindent=\dimen138
)
(/usr/local/texlive/2021/texmf-dist/tex/latex/base/inputenc.sty
Package: inputenc 2020/08/01 v1.3d Input encoding file
\inpenc@prehook=\toks15
\inpenc@posthook=\toks16
)
(/usr/local/texlive/2021/texmf-dist/tex/latex/base/fontenc.sty
Package: fontenc 2020/08/10 v2.0s Standard LaTeX package
)
(/usr/local/texlive/2021/texmf-dist/tex/latex/amsmath/amsmath.sty
Package: amsmath 2020/09/23 v2.17i AMS math features
\@mathmargin=\skip49

For additional information on amsmath, use the `?' option.
(/usr/local/texlive/2021/texmf-dist/tex/latex/amsmath/amstext.sty
Package: amstext 2000/06/29 v2.01 AMS text

(/usr/local/texlive/2021/texmf-dist/tex/latex/amsmath/amsgen.sty
File: amsgen.sty 1999/11/30 v2.0 generic functions
\@emptytoks=\toks17
\ex@=\dimen139
))
(/usr/local/texlive/2021/texmf-dist/tex/latex/amsmath/amsbsy.sty
Package: amsbsy 1999/11/29 v1.2d Bold Symbols
\pmbraise@=\dimen140
)
(/usr/local/texlive/2021/texmf-dist/tex/latex/amsmath/amsopn.sty
Package: amsopn 2016/03/08 v2.02 operator names
)
\inf@bad=\count187
LaTeX Info: Redefining \frac on input line 234.
\uproot@=\count188
\leftroot@=\count189
LaTeX Info: Redefining \overline on input line 399.
\classnum@=\count190
\DOTSCASE@=\count191
LaTeX Info: Redefining \ldots on input line 496.
LaTeX Info: Redefining \dots on input line 499.
LaTeX Info: Redefining \cdots on input line 620.
\Mathstrutbox@=\box47
\strutbox@=\box48
\big@size=\dimen141
LaTeX Font Info:    Redeclaring font encoding OML on input line 743.
LaTeX Font Info:    Redeclaring font encoding OMS on input line 744.
\macc@depth=\count192
\c@MaxMatrixCols=\count193
\dotsspace@=\muskip16
\c@parentequation=\count194
\dspbrk@lvl=\count195
\tag@help=\toks18
\row@=\count196
\column@=\count197
\maxfields@=\count198
\andhelp@=\toks19
\eqnshift@=\dimen142
\alignsep@=\dimen143
\tagshift@=\dimen144
\tagwidth@=\dimen145
\totwidth@=\dimen146
\lineht@=\dimen147
\@envbody=\toks20
\multlinegap=\skip50
\multlinetaggap=\skip51
\mathdisplay@stack=\toks21
LaTeX Info: Redefining \[ on input line 2923.
LaTeX Info: Redefining \] on input line 2924.
)
(/usr/local/texlive/2021/texmf-dist/tex/latex/amsfonts/amsfonts.sty
Package: amsfonts 2013/01/14 v3.01 Basic AMSFonts support
\symAMSa=\mathgroup4
\symAMSb=\mathgroup5
LaTeX Font Info:    Redeclaring math symbol \hbar on input line 98.
LaTeX Font Info:    Overwriting math alphabet `\mathfrak' in version `bold'
(Font)                  U/euf/m/n --> U/euf/b/n on input line 106.
)
(/usr/local/texlive/2021/texmf-dist/tex/latex/amsfonts/amssymb.sty
Package: amssymb 2013/01/14 v3.01 AMS font symbols
)
(/usr/local/texlive/2021/texmf-dist/tex/latex/amscls/amsthm.sty
Package: amsthm 2020/05/29 v2.20.6
\thm@style=\toks22
\thm@bodyfont=\toks23
\thm@headfont=\toks24
\thm@notefont=\toks25
\thm@headpunct=\toks26
\thm@preskip=\skip52
\thm@postskip=\skip53
\thm@headsep=\skip54
\dth@everypar=\toks27
)
(/usr/local/texlive/2021/texmf-dist/tex/latex/algorithms/algorithm.sty
Package: algorithm 2009/08/24 v0.1 Document Style `algorithm' - floating enviro
nment

(/usr/local/texlive/2021/texmf-dist/tex/latex/float/float.sty
Package: float 2001/11/08 v1.3d Float enhancements (AL)
\c@float@type=\count199
\float@exts=\toks28
\float@box=\box49
\@float@everytoks=\toks29
\@floatcapt=\box50
)
(/usr/local/texlive/2021/texmf-dist/tex/latex/base/ifthen.sty
Package: ifthen 2014/09/29 v1.1c Standard LaTeX ifthen package (DPC)
)
\@float@every@algorithm=\toks30
\c@algorithm=\count266
)
(/usr/local/texlive/2021/texmf-dist/tex/latex/algorithms/algorithmic.sty
Package: algorithmic 2009/08/24 v0.1 Document Style `algorithmic'

(/usr/local/texlive/2021/texmf-dist/tex/latex/graphics/keyval.sty
Package: keyval 2014/10/28 v1.15 key=value parser (DPC)
\KV@toks@=\toks31
)
\c@ALC@unique=\count267
\c@ALC@line=\count268
\c@ALC@rem=\count269
\c@ALC@depth=\count270
\ALC@tlm=\skip55
\algorithmicindent=\skip56
)
(/usr/local/texlive/2021/texmf-dist/tex/latex/graphics/graphicx.sty
Package: graphicx 2020/09/09 v1.2b Enhanced LaTeX Graphics (DPC,SPQR)

(/usr/local/texlive/2021/texmf-dist/tex/latex/graphics/graphics.sty
Package: graphics 2020/08/30 v1.4c Standard LaTeX Graphics (DPC,SPQR)

(/usr/local/texlive/2021/texmf-dist/tex/latex/graphics/trig.sty
Package: trig 2016/01/03 v1.10 sin cos tan (DPC)
)
(/usr/local/texlive/2021/texmf-dist/tex/latex/graphics-cfg/graphics.cfg
File: graphics.cfg 2016/06/04 v1.11 sample graphics configuration
)
Package graphics Info: Driver file: pdftex.def on input line 105.

(/usr/local/texlive/2021/texmf-dist/tex/latex/graphics-def/pdftex.def
File: pdftex.def 2020/10/05 v1.2a Graphics/color driver for pdftex
))
\Gin@req@height=\dimen148
\Gin@req@width=\dimen149
)
(/usr/local/texlive/2021/texmf-dist/tex/latex/subfigure/subfigure.sty
Package: subfigure 2002/03/15 v2.1.5 subfigure package
\subfigtopskip=\skip57
\subfigcapskip=\skip58
\subfigcaptopadj=\dimen150
\subfigbottomskip=\skip59
\subfigcapmargin=\dimen151
\subfiglabelskip=\skip60
\c@subfigure=\count271
\c@lofdepth=\count272
\c@subtable=\count273
\c@lotdepth=\count274

****************************************
* Local config file subfigure.cfg used *
****************************************
(/usr/local/texlive/2021/texmf-dist/tex/latex/subfigure/subfigure.cfg)
\subfig@top=\skip61
\subfig@bottom=\skip62
)
(/usr/local/texlive/2021/texmf-dist/tex/latex/caption/caption.sty
Package: caption 2020/10/26 v3.5g Customizing captions (AR)

(/usr/local/texlive/2021/texmf-dist/tex/latex/caption/caption3.sty
Package: caption3 2020/10/21 v2.2e caption3 kernel (AR)
\captionmargin=\dimen152
\captionmargin@=\dimen153
\captionwidth=\dimen154
\caption@tempdima=\dimen155
\caption@indent=\dimen156
\caption@parindent=\dimen157
\caption@hangindent=\dimen158
Package caption Info: Standard document class detected.
)
\c@caption@flags=\count275
\c@continuedfloat=\count276
Package caption Info: float package is loaded.
Package caption Info: subfigure package is loaded.
)
(/usr/local/texlive/2021/texmf-dist/tex/latex/l3backend/l3backend-pdftex.def
File: l3backend-pdftex.def 2021-03-18 L3 backend support: PDF output (pdfTeX)
\l__color_backend_stack_int=\count277
\l__pdf_internal_box=\box51
)
(./homework6.aux)
\openout1 = `homework6.aux'.

LaTeX Font Info:    Checking defaults for OML/cmm/m/it on input line 22.
LaTeX Font Info:    ... okay on input line 22.
LaTeX Font Info:    Checking defaults for OMS/cmsy/m/n on input line 22.
LaTeX Font Info:    ... okay on input line 22.
LaTeX Font Info:    Checking defaults for OT1/cmr/m/n on input line 22.
LaTeX Font Info:    ... okay on input line 22.
LaTeX Font Info:    Checking defaults for T1/cmr/m/n on input line 22.
LaTeX Font Info:    ... okay on input line 22.
LaTeX Font Info:    Checking defaults for TS1/cmr/m/n on input line 22.
LaTeX Font Info:    ... okay on input line 22.
LaTeX Font Info:    Checking defaults for OMX/cmex/m/n on input line 22.
LaTeX Font Info:    ... okay on input line 22.
LaTeX Font Info:    Checking defaults for U/cmr/m/n on input line 22.
LaTeX Font Info:    ... okay on input line 22.

(/usr/local/texlive/2021/texmf-dist/tex/context/base/mkii/supp-pdf.mkii
[Loading MPS to PDF converter (version 2006.09.02).]
\scratchcounter=\count278
\scratchdimen=\dimen159
\scratchbox=\box52
\nofMPsegments=\count279
\nofMParguments=\count280
\everyMPshowfont=\toks32
\MPscratchCnt=\count281
\MPscratchDim=\dimen160
\MPnumerator=\count282
\makeMPintoPDFobject=\count283
\everyMPtoPDFconversion=\toks33
) (/usr/local/texlive/2021/texmf-dist/tex/latex/epstopdf-pkg/epstopdf-base.sty
Package: epstopdf-base 2020-01-24 v2.11 Base part for package epstopdf
Package epstopdf-base Info: Redefining graphics rule for `.eps' on input line 4
85.

(/usr/local/texlive/2021/texmf-dist/tex/latex/latexconfig/epstopdf-sys.cfg
File: epstopdf-sys.cfg 2010/07/13 v1.3 Configuration of (r)epstopdf for TeX Liv
e
))
Package caption Info: Begin \AtBeginDocument code.
Package caption Info: End \AtBeginDocument code.
LaTeX Font Info:    Trying to load font information for U+msa on input line 23.


(/usr/local/texlive/2021/texmf-dist/tex/latex/amsfonts/umsa.fd
File: umsa.fd 2013/01/14 v3.01 AMS symbols A
)
LaTeX Font Info:    Trying to load font information for U+msb on input line 23.


(/usr/local/texlive/2021/texmf-dist/tex/latex/amsfonts/umsb.fd
File: umsb.fd 2013/01/14 v3.01 AMS symbols B
)

LaTeX Warning: No \author given.

[1

{/usr/local/texlive/2021/texmf-var/fonts/map/pdftex/updmap/pdftex.map}]
<Figure_62.png, id=19, 462.528pt x 346.896pt>
File: Figure_62.png Graphic file (type png)
<use Figure_62.png>
Package pdftex.def Info: Figure_62.png  used on input line 101.
(pdftex.def)             Requested size: 190.63338pt x 142.97461pt.
<Figure_622.png, id=21, 462.528pt x 346.896pt>
File: Figure_622.png Graphic file (type png)
<use Figure_622.png>
Package pdftex.def Info: Figure_622.png  used on input line 102.
(pdftex.def)             Requested size: 190.63338pt x 142.97461pt.

Overfull \hbox (53.35805pt too wide) in paragraph at lines 95--109
 \T1/cmr/bx/n/12 p2.[] \T1/cmr/m/n/12 In my ex-per-i-ments(see Figure1[].), I s
et $\OML/cmm/m/it/12 d \OT1/cmr/m/n/12 = 2\OML/cmm/m/it/12 ; n \OT1/cmr/m/n/12 
= 10\OML/cmm/m/it/12 ; f\OT1/cmr/m/n/12 (\OML/cmm/m/it/12 x\OT1/cmr/m/n/12 ) = 
[] [][] \OML/cmm/m/it/12 f[]\OT1/cmr/m/n/12 (\OML/cmm/m/it/12 x\OT1/cmr/m/n/12 
)\OML/cmm/m/it/12 ; f[]\OT1/cmr/m/n/12 (\OML/cmm/m/it/12 x\OT1/cmr/m/n/12 ) =
 []


Overfull \hbox (70.05531pt too wide) in paragraph at lines 95--109
[] [][]$\T1/cmr/m/n/12 , $\OML/cmm/m/it/12 a \OT1/cmr/m/n/12 = [\OML/cmm/m/it/1
2 matrix\OT1/cmr/m/n/12 ([[0\OML/cmm/m/it/12 :\OT1/cmr/m/n/12 94884523\OML/cmm/
m/it/12 ; \OT1/cmr/m/n/12 0\OML/cmm/m/it/12 :\OT1/cmr/m/n/12 31257516]])\OML/cm
m/m/it/12 ; matrix\OT1/cmr/m/n/12 ([[0\OML/cmm/m/it/12 :\OT1/cmr/m/n/12 6469575
9\OML/cmm/m/it/12 ; \OT1/cmr/m/n/12 0\OML/cmm/m/it/12 :\OT1/cmr/m/n/12 79089169
]])\OML/cmm/m/it/12 ; [] 
 []


Overfull \hbox (98.80783pt too wide) in paragraph at lines 95--109
\OML/cmm/m/it/12 b \OT1/cmr/m/n/12 = [\OML/cmm/m/it/12 matrix\OT1/cmr/m/n/12 ([
[0\OML/cmm/m/it/12 :\OT1/cmr/m/n/12 4231786]])\OML/cmm/m/it/12 ; matrix\OT1/cmr
/m/n/12 ([[0\OML/cmm/m/it/12 :\OT1/cmr/m/n/12 524466]])\OML/cmm/m/it/12 ; matri
x\OT1/cmr/m/n/12 ([[0\OML/cmm/m/it/12 :\OT1/cmr/m/n/12 17981303]])\OML/cmm/m/it
/12 ; matrix\OT1/cmr/m/n/12 ([[0\OML/cmm/m/it/12 :\OT1/cmr/m/n/12 50033184]])\O
ML/cmm/m/it/12 ; [] 
 []


Overfull \hbox (86.49274pt too wide) in paragraph at lines 95--109
\OML/cmm/m/it/12 matrix\OT1/cmr/m/n/12 ([[0\OML/cmm/m/it/12 :\OT1/cmr/m/n/12 71
116473]])\OML/cmm/m/it/12 ; matrix\OT1/cmr/m/n/12 ([[0\OML/cmm/m/it/12 :\OT1/cm
r/m/n/12 0604399]])\OML/cmm/m/it/12 ; matrix\OT1/cmr/m/n/12 ([[0\OML/cmm/m/it/1
2 :\OT1/cmr/m/n/12 37100656]])\OML/cmm/m/it/12 ; matrix\OT1/cmr/m/n/12 ([[0\OML
/cmm/m/it/12 :\OT1/cmr/m/n/12 91263449]])\OML/cmm/m/it/12 ; [] 
 []

[2] [3 <./Figure_62.png> <./Figure_622.png>]
Overfull \hbox (19.66699pt too wide) detected at line 131
\OML/cmm/m/it/12 V[] [] [][] \OT1/cmr/m/n/12 + \OML/cmm/m/it/12 M^^M[]^^[[];  M
 \OT1/cmr/m/n/12 = []\OML/cmm/m/it/12 ;  ^^[[] \OT1/cmr/m/n/12 = \OML/cmm/m/it/
12 ^^[ [] [] \OT1/cmr/m/n/12 E []
 []


Overfull \hbox (0.29678pt too wide) in paragraph at lines 142--144
\T1/cmr/m/n/12 In each it-er-a-tion, one has to com-pute $\OT1/cmr/m/n/12 2\OMS
/cmsy/m/n/12 j\OML/cmm/m/it/12 S\OMS/cmsy/m/n/12 j \OT1/cmr/m/n/12 = 2\OML/cmm/
m/it/12 ^^\$ \T1/cmr/m/n/12 1-gradient and p n-gradient,so 
 []

<Figure_651.png, id=34, 462.528pt x 346.896pt>
File: Figure_651.png Graphic file (type png)
<use Figure_651.png>
Package pdftex.def Info: Figure_651.png  used on input line 163.
(pdftex.def)             Requested size: 190.63338pt x 142.97461pt.
<Figure_652.png, id=35, 462.528pt x 346.896pt>
File: Figure_652.png Graphic file (type png)
<use Figure_652.png>
Package pdftex.def Info: Figure_652.png  used on input line 164.
(pdftex.def)             Requested size: 190.63338pt x 142.97461pt.
<Figure_653.png, id=36, 462.528pt x 346.896pt>
File: Figure_653.png Graphic file (type png)
<use Figure_653.png>
Package pdftex.def Info: Figure_653.png  used on input line 166.
(pdftex.def)             Requested size: 190.63338pt x 142.97461pt.
File: Figure_653.png Graphic file (type png)
<use Figure_653.png>
Package pdftex.def Info: Figure_653.png  used on input line 167.
(pdftex.def)             Requested size: 190.63338pt x 142.97461pt.

Overfull \hbox (53.35805pt too wide) in paragraph at lines 157--173
 \T1/cmr/bx/n/12 p5.[] \T1/cmr/m/n/12 In my ex-per-i-ments(see Figure2[].), I s
et $\OML/cmm/m/it/12 d \OT1/cmr/m/n/12 = 2\OML/cmm/m/it/12 ; n \OT1/cmr/m/n/12 
= 10\OML/cmm/m/it/12 ; f\OT1/cmr/m/n/12 (\OML/cmm/m/it/12 x\OT1/cmr/m/n/12 ) = 
[] [][] \OML/cmm/m/it/12 f[]\OT1/cmr/m/n/12 (\OML/cmm/m/it/12 x\OT1/cmr/m/n/12 
)\OML/cmm/m/it/12 ; f[]\OT1/cmr/m/n/12 (\OML/cmm/m/it/12 x\OT1/cmr/m/n/12 ) =
 []


Overfull \hbox (70.05531pt too wide) in paragraph at lines 157--173
[] [][]$\T1/cmr/m/n/12 , $\OML/cmm/m/it/12 a \OT1/cmr/m/n/12 = [\OML/cmm/m/it/1
2 matrix\OT1/cmr/m/n/12 ([[0\OML/cmm/m/it/12 :\OT1/cmr/m/n/12 94884523\OML/cmm/
m/it/12 ; \OT1/cmr/m/n/12 0\OML/cmm/m/it/12 :\OT1/cmr/m/n/12 31257516]])\OML/cm
m/m/it/12 ; matrix\OT1/cmr/m/n/12 ([[0\OML/cmm/m/it/12 :\OT1/cmr/m/n/12 6469575
9\OML/cmm/m/it/12 ; \OT1/cmr/m/n/12 0\OML/cmm/m/it/12 :\OT1/cmr/m/n/12 79089169
]])\OML/cmm/m/it/12 ; [] 
 []


Overfull \hbox (98.80783pt too wide) in paragraph at lines 157--173
\OML/cmm/m/it/12 b \OT1/cmr/m/n/12 = [\OML/cmm/m/it/12 matrix\OT1/cmr/m/n/12 ([
[0\OML/cmm/m/it/12 :\OT1/cmr/m/n/12 4231786]])\OML/cmm/m/it/12 ; matrix\OT1/cmr
/m/n/12 ([[0\OML/cmm/m/it/12 :\OT1/cmr/m/n/12 524466]])\OML/cmm/m/it/12 ; matri
x\OT1/cmr/m/n/12 ([[0\OML/cmm/m/it/12 :\OT1/cmr/m/n/12 17981303]])\OML/cmm/m/it
/12 ; matrix\OT1/cmr/m/n/12 ([[0\OML/cmm/m/it/12 :\OT1/cmr/m/n/12 50033184]])\O
ML/cmm/m/it/12 ; [] 
 []


Overfull \hbox (86.49274pt too wide) in paragraph at lines 157--173
\OML/cmm/m/it/12 matrix\OT1/cmr/m/n/12 ([[0\OML/cmm/m/it/12 :\OT1/cmr/m/n/12 71
116473]])\OML/cmm/m/it/12 ; matrix\OT1/cmr/m/n/12 ([[0\OML/cmm/m/it/12 :\OT1/cm
r/m/n/12 0604399]])\OML/cmm/m/it/12 ; matrix\OT1/cmr/m/n/12 ([[0\OML/cmm/m/it/1
2 :\OT1/cmr/m/n/12 37100656]])\OML/cmm/m/it/12 ; matrix\OT1/cmr/m/n/12 ([[0\OML
/cmm/m/it/12 :\OT1/cmr/m/n/12 91263449]])\OML/cmm/m/it/12 ; [] 
 []

[4] [5] [6 <./Figure_651.png> <./Figure_652.png> <./Figure_653.png>]
(./homework6.aux) ) 
Here is how much of TeX's memory you used:
 4381 strings out of 478994
 64480 string characters out of 5858184
 365870 words of memory out of 5000000
 21818 multiletter control sequences out of 15000+600000
 419661 words of font info for 68 fonts, out of 8000000 for 9000
 1141 hyphenation exceptions out of 8191
 68i,15n,74p,876b,594s stack positions out of 5000i,500n,10000p,200000b,80000s
{/usr/local/texlive/2021/texmf-dist/fonts/enc/dvips/cm-super
/cm-super-t1.enc}</usr/local/texlive/2021/texmf-dist/fonts/type1/public/amsfont
s/cm/cmex10.pfb></usr/local/texlive/2021/texmf-dist/fonts/type1/public/amsfonts
/cm/cmmi12.pfb></usr/local/texlive/2021/texmf-dist/fonts/type1/public/amsfonts/
cm/cmmi6.pfb></usr/local/texlive/2021/texmf-dist/fonts/type1/public/amsfonts/cm
/cmmi8.pfb></usr/local/texlive/2021/texmf-dist/fonts/type1/public/amsfonts/cm/c
mr12.pfb></usr/local/texlive/2021/texmf-dist/fonts/type1/public/amsfonts/cm/cmr
6.pfb></usr/local/texlive/2021/texmf-dist/fonts/type1/public/amsfonts/cm/cmr8.p
fb></usr/local/texlive/2021/texmf-dist/fonts/type1/public/amsfonts/cm/cmsy10.pf
b></usr/local/texlive/2021/texmf-dist/fonts/type1/public/amsfonts/cm/cmsy6.pfb>
</usr/local/texlive/2021/texmf-dist/fonts/type1/public/amsfonts/cm/cmsy8.pfb></
usr/local/texlive/2021/texmf-dist/fonts/type1/public/amsfonts/symbols/msbm10.pf
b></usr/local/texlive/2021/texmf-dist/fonts/type1/public/cm-super/sfbx1200.pfb>
</usr/local/texlive/2021/texmf-dist/fonts/type1/public/cm-super/sfrm0800.pfb></
usr/local/texlive/2021/texmf-dist/fonts/type1/public/cm-super/sfrm1000.pfb></us
r/local/texlive/2021/texmf-dist/fonts/type1/public/cm-super/sfrm1200.pfb></usr/
local/texlive/2021/texmf-dist/fonts/type1/public/cm-super/sfrm1440.pfb></usr/lo
cal/texlive/2021/texmf-dist/fonts/type1/public/cm-super/sfrm2074.pfb></usr/loca
l/texlive/2021/texmf-dist/fonts/type1/public/cm-super/sfti0800.pfb></usr/local/
texlive/2021/texmf-dist/fonts/type1/public/cm-super/sfti1200.pfb>
Output written on homework6.pdf (6 pages, 591692 bytes).
PDF statistics:
 111 PDF objects out of 1000 (max. 8388607)
 73 compressed objects within 1 object stream
 0 named destinations out of 1000 (max. 500000)
 26 words of extra memory for PDF output out of 10000 (max. 10000000)

